spedition2/mobileApp/app/build/intermediates/manifest_merge_blame_file/debug/manifest-merger-blame-debug-report.txt
1<?xml version="1.0" encoding="utf-8"?>
2<manifest xmlns:android="http://schemas.android.com/apk/res/android"
3    package="ua.szpt.escort"
4    android:versionCode="1"
5    android:versionName="1.0" >
6
7    <uses-sdk
8        android:minSdkVersion="17"
8-->src/main/AndroidManifest.xml
9        android:targetSdkVersion="29" />
9-->src/main/AndroidManifest.xml
10
11    <uses-permission android:name="android.permission.ACCESS_FINE_LOCATION" />
11-->src/main/AndroidManifest.xml:4:5-79
11-->src/main/AndroidManifest.xml:4:22-76
12    <uses-permission android:name="android.permission.ACCESS_COARSE_LOCATION" />
12-->src/main/AndroidManifest.xml:5:5-81
12-->src/main/AndroidManifest.xml:5:22-78
13    <uses-permission android:name="android.permission.INTERNET" />
13-->src/main/AndroidManifest.xml:6:5-66
13-->src/main/AndroidManifest.xml:6:22-64
14    <uses-permission android:name="android.permission.ACCESS_WIFI_STATE" />
14-->src/main/AndroidManifest.xml:7:5-76
14-->src/main/AndroidManifest.xml:7:22-73
15    <uses-permission android:name="android.permission.ACCESS_NETWORK_STATE" />
15-->src/main/AndroidManifest.xml:8:5-79
15-->src/main/AndroidManifest.xml:8:22-76
16    <uses-permission android:name="android.permission.FOREGROUND_SERVICE" />
16-->src/main/AndroidManifest.xml:9:5-77
16-->src/main/AndroidManifest.xml:9:22-74
17
18    <application
18-->src/main/AndroidManifest.xml:11:5-25:19
19        android:allowBackup="true"
19-->src/main/AndroidManifest.xml:12:9-35
20        android:appComponentFactory="androidx.core.app.CoreComponentFactory"
20-->[androidx.core:core:1.3.1] AndroidManifest.xml:24:18-86
21        android:debuggable="true"
22        android:icon="@mipmap/ic_launcher"
22-->src/main/AndroidManifest.xml:13:9-43
23        android:label="@string/app_name"
23-->src/main/AndroidManifest.xml:14:9-41
24        android:roundIcon="@mipmap/ic_launcher_round"
24-->src/main/AndroidManifest.xml:15:9-54
25        android:supportsRtl="false"
25-->src/main/AndroidManifest.xml:16:9-36
26        android:testOnly="true"
27        android:theme="@style/AppTheme" >
27-->src/main/AndroidManifest.xml:17:9-40
28        <activity android:name="ua.szpt.escort.views.MainActivity" >
28-->src/main/AndroidManifest.xml:19:9-24:20
28-->src/main/AndroidManifest.xml:19:19-53
29            <intent-filter>
29-->src/main/AndroidManifest.xml:20:13-23:29
30                <action android:name="android.intent.action.MAIN" />
30-->src/main/AndroidManifest.xml:21:17-68
30-->src/main/AndroidManifest.xml:21:25-66
31
32                <category android:name="android.intent.category.LAUNCHER" />
32-->src/main/AndroidManifest.xml:22:17-76
32-->src/main/AndroidManifest.xml:22:27-74
33            </intent-filter>
34        </activity>
35
36        <provider
36-->[androidx.lifecycle:lifecycle-process:2.2.0] AndroidManifest.xml:25:9-29:43
37            android:name="androidx.lifecycle.ProcessLifecycleOwnerInitializer"
37-->[androidx.lifecycle:lifecycle-process:2.2.0] AndroidManifest.xml:26:13-79
38            android:authorities="ua.szpt.escort.lifecycle-process"
38-->[androidx.lifecycle:lifecycle-process:2.2.0] AndroidManifest.xml:27:13-69
39            android:exported="false"
39-->[androidx.lifecycle:lifecycle-process:2.2.0] AndroidManifest.xml:28:13-37
40            android:multiprocess="true" />
40-->[androidx.lifecycle:lifecycle-process:2.2.0] AndroidManifest.xml:29:13-40
41    </application>
42
43</manifest>